┌ Info: [2023-03-05T12:20:26.355]
│ 启动成功！
└ @ QInsControl C:\Users\22112\OneDrive - mails.ucas.ac.cn\文档\CODE\Julia\QInsControl-AllVersions\QInsControl - CImGui1.82\src\QInsControl.jl:103
┌ Info: [2023-03-05T14:19:33.625]
│ 启动成功！
└ @ Main.QInsControl c:\Users\22112\OneDrive - mails.ucas.ac.cn\文档\CODE\Julia\QInsControl-AllVersions\QInsControl - CImGui1.82\src\QInsControl.jl:103
┌ Info: [2023-03-05T14:23:33.149]
│ 启动成功！
└ @ Main.QInsControl c:\Users\22112\OneDrive - mails.ucas.ac.cn\文档\CODE\Julia\QInsControl-AllVersions\QInsControl - CImGui1.82\src\QInsControl.jl:104
┌ Info: [2023-03-05T14:24:56.616]
│ 启动成功！
└ @ Main.QInsControl c:\Users\22112\OneDrive - mails.ucas.ac.cn\文档\CODE\Julia\QInsControl-AllVersions\QInsControl - CImGui1.82\src\QInsControl.jl:104
┌ Info: [2023-03-05T14:39:16.723]
│ 启动成功！
└ @ Main.QInsControl c:\Users\22112\OneDrive - mails.ucas.ac.cn\文档\CODE\Julia\QInsControl-AllVersions\QInsControl - CImGui1.82\src\QInsControl.jl:104
┌ Info: [2023-03-05T14:47:43.356]
│ 启动成功！
└ @ Main.QInsControl c:\Users\22112\OneDrive - mails.ucas.ac.cn\文档\CODE\Julia\QInsControl-AllVersions\QInsControl - CImGui1.82\src\QInsControl.jl:104
┌ Info: [2023-03-05T14:49:49.896]
│ 启动成功！
└ @ Main.QInsControl c:\Users\22112\OneDrive - mails.ucas.ac.cn\文档\CODE\Julia\QInsControl-AllVersions\QInsControl - CImGui1.82\src\QInsControl.jl:104
┌ Info: [2023-03-05T14:53:04.418]
│ 启动成功！
└ @ Main.QInsControl c:\Users\22112\OneDrive - mails.ucas.ac.cn\文档\CODE\Julia\QInsControl-AllVersions\QInsControl - CImGui1.82\src\QInsControl.jl:104
┌ Info: [2023-03-05T16:24:33.235]
│ 启动成功！
└ @ Main.QInsControl c:\Users\22112\OneDrive - mails.ucas.ac.cn\文档\CODE\Julia\QInsControl-AllVersions\QInsControl - CImGui1.82\src\QInsControl.jl:104
┌ Info: [2023-03-05T16:45:06.255]
│ 启动成功！
└ @ Main.QInsControl c:\Users\22112\OneDrive - mails.ucas.ac.cn\文档\CODE\Julia\QInsControl-AllVersions\QInsControl - CImGui1.82\src\QInsControl.jl:104
┌ Info: [2023-03-05T19:35:32.865]
│ 启动成功！
└ @ Main.QInsControl c:\Users\22112\OneDrive - mails.ucas.ac.cn\文档\CODE\Julia\QInsControl-AllVersions\QInsControl - CImGui1.82\src\QInsControl.jl:104
┌ Info: [2023-03-05T19:44:17.635]
│ 启动成功！
└ @ Main.QInsControl c:\Users\22112\OneDrive - mails.ucas.ac.cn\文档\CODE\Julia\QInsControl-AllVersions\QInsControl - CImGui1.82\src\QInsControl.jl:104
┌ Info: [2023-03-05T19:45:10.260]
│ 启动成功！
└ @ Main.QInsControl c:\Users\22112\OneDrive - mails.ucas.ac.cn\文档\CODE\Julia\QInsControl-AllVersions\QInsControl - CImGui1.82\src\QInsControl.jl:104
┌ Info: [2023-03-05T19:48:31.800]
│ 启动成功！
└ @ Main.QInsControl c:\Users\22112\OneDrive - mails.ucas.ac.cn\文档\CODE\Julia\QInsControl-AllVersions\QInsControl - CImGui1.82\src\QInsControl.jl:104
┌ Info: [2023-03-05T19:51:27.893]
│ 启动成功！
└ @ Main.QInsControl c:\Users\22112\OneDrive - mails.ucas.ac.cn\文档\CODE\Julia\QInsControl-AllVersions\QInsControl - CImGui1.82\src\QInsControl.jl:104
┌ Info: [2023-03-05T19:54:01.511]
│ 启动成功！
└ @ Main.QInsControl c:\Users\22112\OneDrive - mails.ucas.ac.cn\文档\CODE\Julia\QInsControl-AllVersions\QInsControl - CImGui1.82\src\QInsControl.jl:104
┌ Error: Error in renderloop!
│   exception = BoundsError(Any[V, mV, μV, nV], (0,))
└ @ Main.QInsControl c:\Users\22112\OneDrive - mails.ucas.ac.cn\文档\CODE\Julia\QInsControl-AllVersions\QInsControl - CImGui1.82\src\UI\Renderer.jl:185
