┌ Info: [2023-02-05T12:02:50.445]
│ 启动成功！
└ @ Main.QInsControl c:\Users\22112\OneDrive - mails.ucas.ac.cn\文档\CODE\Julia\QInsControl-AllVersions\QInsControl\src\QInsControl.jl:96
┌ Info: true
└ @ Main.QInsControl c:\Users\22112\OneDrive - mails.ucas.ac.cn\文档\CODE\Julia\QInsControl-AllVersions\QInsControl\src\UI\Renderer.jl:97
┌ Info: [2023-02-05T12:09:05.394]
│ 启动成功！
└ @ Main.QInsControl c:\Users\22112\OneDrive - mails.ucas.ac.cn\文档\CODE\Julia\QInsControl-AllVersions\QInsControl\src\QInsControl.jl:96
┌ Info: true
└ @ Main.QInsControl c:\Users\22112\OneDrive - mails.ucas.ac.cn\文档\CODE\Julia\QInsControl-AllVersions\QInsControl\src\UI\Renderer.jl:97
┌ Info: true
└ @ Main.QInsControl c:\Users\22112\OneDrive - mails.ucas.ac.cn\文档\CODE\Julia\QInsControl-AllVersions\QInsControl\src\UI\Renderer.jl:97
┌ Info: true
└ @ Main.QInsControl c:\Users\22112\OneDrive - mails.ucas.ac.cn\文档\CODE\Julia\QInsControl-AllVersions\QInsControl\src\UI\Renderer.jl:97
┌ Info: true
└ @ Main.QInsControl c:\Users\22112\OneDrive - mails.ucas.ac.cn\文档\CODE\Julia\QInsControl-AllVersions\QInsControl\src\UI\Renderer.jl:97
┌ Info: true
└ @ Main.QInsControl c:\Users\22112\OneDrive - mails.ucas.ac.cn\文档\CODE\Julia\QInsControl-AllVersions\QInsControl\src\UI\Renderer.jl:97
┌ Info: true
└ @ Main.QInsControl c:\Users\22112\OneDrive - mails.ucas.ac.cn\文档\CODE\Julia\QInsControl-AllVersions\QInsControl\src\UI\Renderer.jl:97
┌ Info: true
└ @ Main.QInsControl c:\Users\22112\OneDrive - mails.ucas.ac.cn\文档\CODE\Julia\QInsControl-AllVersions\QInsControl\src\UI\Renderer.jl:97
┌ Info: true
└ @ Main.QInsControl c:\Users\22112\OneDrive - mails.ucas.ac.cn\文档\CODE\Julia\QInsControl-AllVersions\QInsControl\src\UI\Renderer.jl:97
┌ Info: true
└ @ Main.QInsControl c:\Users\22112\OneDrive - mails.ucas.ac.cn\文档\CODE\Julia\QInsControl-AllVersions\QInsControl\src\UI\Renderer.jl:97
┌ Info: true
└ @ Main.QInsControl c:\Users\22112\OneDrive - mails.ucas.ac.cn\文档\CODE\Julia\QInsControl-AllVersions\QInsControl\src\UI\Renderer.jl:97
┌ Info: false
└ @ Main.QInsControl c:\Users\22112\OneDrive - mails.ucas.ac.cn\文档\CODE\Julia\QInsControl-AllVersions\QInsControl\src\UI\Renderer.jl:97
┌ Info: false
└ @ Main.QInsControl c:\Users\22112\OneDrive - mails.ucas.ac.cn\文档\CODE\Julia\QInsControl-AllVersions\QInsControl\src\UI\Renderer.jl:97
┌ Info: false
└ @ Main.QInsControl c:\Users\22112\OneDrive - mails.ucas.ac.cn\文档\CODE\Julia\QInsControl-AllVersions\QInsControl\src\UI\Renderer.jl:97
┌ Info: false
└ @ Main.QInsControl c:\Users\22112\OneDrive - mails.ucas.ac.cn\文档\CODE\Julia\QInsControl-AllVersions\QInsControl\src\UI\Renderer.jl:97
┌ Info: false
└ @ Main.QInsControl c:\Users\22112\OneDrive - mails.ucas.ac.cn\文档\CODE\Julia\QInsControl-AllVersions\QInsControl\src\UI\Renderer.jl:97
┌ Info: false
└ @ Main.QInsControl c:\Users\22112\OneDrive - mails.ucas.ac.cn\文档\CODE\Julia\QInsControl-AllVersions\QInsControl\src\UI\Renderer.jl:97
┌ Info: false
└ @ Main.QInsControl c:\Users\22112\OneDrive - mails.ucas.ac.cn\文档\CODE\Julia\QInsControl-AllVersions\QInsControl\src\UI\Renderer.jl:97
┌ Info: false
└ @ Main.QInsControl c:\Users\22112\OneDrive - mails.ucas.ac.cn\文档\CODE\Julia\QInsControl-AllVersions\QInsControl\src\UI\Renderer.jl:97
┌ Info: false
└ @ Main.QInsControl c:\Users\22112\OneDrive - mails.ucas.ac.cn\文档\CODE\Julia\QInsControl-AllVersions\QInsControl\src\UI\Renderer.jl:97
┌ Info: false
└ @ Main.QInsControl c:\Users\22112\OneDrive - mails.ucas.ac.cn\文档\CODE\Julia\QInsControl-AllVersions\QInsControl\src\UI\Renderer.jl:97
┌ Info: false
└ @ Main.QInsControl c:\Users\22112\OneDrive - mails.ucas.ac.cn\文档\CODE\Julia\QInsControl-AllVersions\QInsControl\src\UI\Renderer.jl:97
┌ Info: false
└ @ Main.QInsControl c:\Users\22112\OneDrive - mails.ucas.ac.cn\文档\CODE\Julia\QInsControl-AllVersions\QInsControl\src\UI\Renderer.jl:97
┌ Info: false
└ @ Main.QInsControl c:\Users\22112\OneDrive - mails.ucas.ac.cn\文档\CODE\Julia\QInsControl-AllVersions\QInsControl\src\UI\Renderer.jl:97
┌ Info: false
└ @ Main.QInsControl c:\Users\22112\OneDrive - mails.ucas.ac.cn\文档\CODE\Julia\QInsControl-AllVersions\QInsControl\src\UI\Renderer.jl:97
┌ Info: [2023-02-05T14:18:39.907]
│ 启动成功！
└ @ QInsControl C:\Users\22112\OneDrive - mails.ucas.ac.cn\文档\CODE\Julia\QInsControl-AllVersions\QInsControl\src\QInsControl.jl:96
┌ Info: [2023-02-05T14:21:37.297]
│ 启动成功！
└ @ QInsControl C:\Users\22112\OneDrive - mails.ucas.ac.cn\文档\CODE\Julia\QInsControl-AllVersions\QInsControl\src\QInsControl.jl:96
┌ Info: [2023-02-05T14:24:18.388]
│ 启动成功！
└ @ QInsControl C:\Users\22112\OneDrive - mails.ucas.ac.cn\文档\CODE\Julia\QInsControl-AllVersions\QInsControl\src\QInsControl.jl:96
┌ Info: [2023-02-05T15:58:07.449]
│ 启动成功！
└ @ QInsControl C:\Users\22112\OneDrive - mails.ucas.ac.cn\文档\CODE\Julia\QInsControl-AllVersions\QInsControl\src\QInsControl.jl:96
